0 info it worked if it ends with ok
1 verbose cli [ 'C:\\Program Files\\nodejs\\\\node.exe',
1 verbose cli   'C:\\Program Files\\nodejs\\node_modules\\npm\\bin\\npm-cli.js',
1 verbose cli   'install',
1 verbose cli   '-g',
1 verbose cli   'react-tools]' ]
2 info using npm@1.4.28
3 info using node@v0.10.35
4 verbose node symlink C:\Program Files\nodejs\\node.exe
5 verbose cache add [ 'react-tools]', null ]
6 verbose cache add name=undefined spec="react-tools]" args=["react-tools]",null]
7 verbose parsed url { protocol: null,
7 verbose parsed url   slashes: null,
7 verbose parsed url   auth: null,
7 verbose parsed url   host: null,
7 verbose parsed url   port: null,
7 verbose parsed url   hostname: null,
7 verbose parsed url   hash: null,
7 verbose parsed url   search: null,
7 verbose parsed url   query: null,
7 verbose parsed url   pathname: 'react-tools]',
7 verbose parsed url   path: 'react-tools]',
7 verbose parsed url   href: 'react-tools]' }
8 silly lockFile 31879762-react-tools react-tools]
9 verbose lock react-tools] C:\Users\User\AppData\Roaming\npm-cache\31879762-react-tools.lock
10 silly lockFile 31879762-react-tools react-tools]
11 silly lockFile 31879762-react-tools react-tools]
12 verbose addNamed [ 'react-tools]', '' ]
13 verbose addNamed [ null, '*' ]
14 silly lockFile 14b3db34-react-tools react-tools]@
15 verbose lock react-tools]@ C:\Users\User\AppData\Roaming\npm-cache\14b3db34-react-tools.lock
16 silly addNameRange { name: 'react-tools]', range: '*', hasData: false }
17 verbose request where is /react-tools]
18 verbose request registry https://registry.npmjs.org/
19 verbose request id d2f0779af3ad6287
20 verbose url raw /react-tools]
21 verbose url resolving [ 'https://registry.npmjs.org/', './react-tools%5D' ]
22 verbose url resolved https://registry.npmjs.org/react-tools%5D
23 verbose request where is https://registry.npmjs.org/react-tools%5D
24 info trying registry request attempt 1 at 22:54:31
25 http GET https://registry.npmjs.org/react-tools%5D
26 http 404 https://registry.npmjs.org/react-tools%5D
27 verbose headers { date: 'Thu, 29 Jan 2015 06:54:42 GMT',
27 verbose headers   server: 'CouchDB/1.5.0 (Erlang OTP/R16B03)',
27 verbose headers   'content-type': 'application/json',
27 verbose headers   'cache-control': 'max-age=0',
27 verbose headers   'content-length': '52',
27 verbose headers   'accept-ranges': 'bytes',
27 verbose headers   via: '1.1 varnish',
27 verbose headers   age: '0',
27 verbose headers   'x-served-by': 'cache-sjc3129-SJC',
27 verbose headers   'x-cache': 'MISS',
27 verbose headers   'x-cache-hits': '0',
27 verbose headers   'x-timer': 'S1422514481.897312,VS0,VE152',
27 verbose headers   'keep-alive': 'timeout=10, max=50',
27 verbose headers   connection: 'Keep-Alive' }
28 silly registry.get cb [ 404,
28 silly registry.get   { date: 'Thu, 29 Jan 2015 06:54:42 GMT',
28 silly registry.get     server: 'CouchDB/1.5.0 (Erlang OTP/R16B03)',
28 silly registry.get     'content-type': 'application/json',
28 silly registry.get     'cache-control': 'max-age=0',
28 silly registry.get     'content-length': '52',
28 silly registry.get     'accept-ranges': 'bytes',
28 silly registry.get     via: '1.1 varnish',
28 silly registry.get     age: '0',
28 silly registry.get     'x-served-by': 'cache-sjc3129-SJC',
28 silly registry.get     'x-cache': 'MISS',
28 silly registry.get     'x-cache-hits': '0',
28 silly registry.get     'x-timer': 'S1422514481.897312,VS0,VE152',
28 silly registry.get     'keep-alive': 'timeout=10, max=50',
28 silly registry.get     connection: 'Keep-Alive' } ]
29 silly lockFile 14b3db34-react-tools react-tools]@
30 silly lockFile 14b3db34-react-tools react-tools]@
31 error 404 404 Not Found: react-tools%5D
31 error 404
31 error 404 'react-tools%5D' is not in the npm registry.
31 error 404 You should bug the author to publish it
31 error 404
31 error 404 Note that you can also install from a
31 error 404 tarball, folder, or http url, or git url.
32 error System Windows_NT 6.2.9200
33 error command "C:\\Program Files\\nodejs\\\\node.exe" "C:\\Program Files\\nodejs\\node_modules\\npm\\bin\\npm-cli.js" "install" "-g" "react-tools]"
34 error cwd C:\Users\User\Desktop\react-app
35 error node -v v0.10.35
36 error npm -v 1.4.28
37 error code E404
38 verbose exit [ 1, true ]
